This is XeTeX, Version 3.14159265-2.6-0.999992 (TeX Live 2020/W32TeX) (preloaded format=xelatex 2021.3.18)  18 MAR 2021 12:29
entering extended mode
 restricted \write18 enabled.
 %&-line parsing enabled.
**modul.tex
(./modul.tex
LaTeX2e <2020-10-01> patch level 4
L3 programming layer <2021-02-18>
(c:/Users/Rahma Anisa/AppData/Roaming/TinyTeX/texmf-dist/tex/latex/base/book.cl
s
Document Class: book 2020/04/10 v1.4m Standard LaTeX document class

(c:/Users/Rahma Anisa/AppData/Roaming/TinyTeX/texmf-dist/tex/latex/base/bk10.cl
o
File: bk10.clo 2020/04/10 v1.4m Standard LaTeX file (size option)
)
\c@part=\count175
\c@chapter=\count176
\c@section=\count177
\c@subsection=\count178
\c@subsubsection=\count179
\c@paragraph=\count180
\c@subparagraph=\count181
\c@figure=\count182
\c@table=\count183
\abovecaptionskip=\skip47
\belowcaptionskip=\skip48
\bibindent=\dimen138
)
(c:/Users/Rahma Anisa/AppData/Roaming/TinyTeX/texmf-dist/tex/latex/lm/lmodern.s
ty
Package: lmodern 2009/10/30 v1.6 Latin Modern Fonts
LaTeX Font Info:    Overwriting symbol font `operators' in version `normal'
(Font)                  OT1/cmr/m/n --> OT1/lmr/m/n on input line 22.
LaTeX Font Info:    Overwriting symbol font `letters' in version `normal'
(Font)                  OML/cmm/m/it --> OML/lmm/m/it on input line 23.
LaTeX Font Info:    Overwriting symbol font `symbols' in version `normal'
(Font)                  OMS/cmsy/m/n --> OMS/lmsy/m/n on input line 24.
LaTeX Font Info:    Overwriting symbol font `largesymbols' in version `normal'
(Font)                  OMX/cmex/m/n --> OMX/lmex/m/n on input line 25.
LaTeX Font Info:    Overwriting symbol font `operators' in version `bold'
(Font)                  OT1/cmr/bx/n --> OT1/lmr/bx/n on input line 26.
LaTeX Font Info:    Overwriting symbol font `letters' in version `bold'
(Font)                  OML/cmm/b/it --> OML/lmm/b/it on input line 27.
LaTeX Font Info:    Overwriting symbol font `symbols' in version `bold'
(Font)                  OMS/cmsy/b/n --> OMS/lmsy/b/n on input line 28.
LaTeX Font Info:    Overwriting symbol font `largesymbols' in version `bold'
(Font)                  OMX/cmex/m/n --> OMX/lmex/m/n on input line 29.
LaTeX Font Info:    Overwriting math alphabet `\mathbf' in version `normal'
(Font)                  OT1/cmr/bx/n --> OT1/lmr/bx/n on input line 31.
LaTeX Font Info:    Overwriting math alphabet `\mathsf' in version `normal'
(Font)                  OT1/cmss/m/n --> OT1/lmss/m/n on input line 32.
LaTeX Font Info:    Overwriting math alphabet `\mathit' in version `normal'
(Font)                  OT1/cmr/m/it --> OT1/lmr/m/it on input line 33.
LaTeX Font Info:    Overwriting math alphabet `\mathtt' in version `normal'
(Font)                  OT1/cmtt/m/n --> OT1/lmtt/m/n on input line 34.
LaTeX Font Info:    Overwriting math alphabet `\mathbf' in version `bold'
(Font)                  OT1/cmr/bx/n --> OT1/lmr/bx/n on input line 35.
LaTeX Font Info:    Overwriting math alphabet `\mathsf' in version `bold'
(Font)                  OT1/cmss/bx/n --> OT1/lmss/bx/n on input line 36.
LaTeX Font Info:    Overwriting math alphabet `\mathit' in version `bold'
(Font)                  OT1/cmr/bx/it --> OT1/lmr/bx/it on input line 37.
LaTeX Font Info:    Overwriting math alphabet `\mathtt' in version `bold'
(Font)                  OT1/cmtt/m/n --> OT1/lmtt/m/n on input line 38.
)
(c:/Users/Rahma Anisa/AppData/Roaming/TinyTeX/texmf-dist/tex/latex/amsfonts/ams
symb.sty
Package: amssymb 2013/01/14 v3.01 AMS font symbols

(c:/Users/Rahma Anisa/AppData/Roaming/TinyTeX/texmf-dist/tex/latex/amsfonts/ams
fonts.sty
Package: amsfonts 2013/01/14 v3.01 Basic AMSFonts support
\@emptytoks=\toks15
\symAMSa=\mathgroup4
\symAMSb=\mathgroup5
LaTeX Font Info:    Redeclaring math symbol \hbar on input line 98.
LaTeX Font Info:    Overwriting math alphabet `\mathfrak' in version `bold'
(Font)                  U/euf/m/n --> U/euf/b/n on input line 106.
))
(c:/Users/Rahma Anisa/AppData/Roaming/TinyTeX/texmf-dist/tex/latex/amsmath/amsm
ath.sty
Package: amsmath 2020/09/23 v2.17i AMS math features
\@mathmargin=\skip49
For additional information on amsmath, use the `?' option.

(c:/Users/Rahma Anisa/AppData/Roaming/TinyTeX/texmf-dist/tex/latex/amsmath/amst
ext.sty
Package: amstext 2000/06/29 v2.01 AMS text

(c:/Users/Rahma Anisa/AppData/Roaming/TinyTeX/texmf-dist/tex/latex/amsmath/amsg
en.sty
File: amsgen.sty 1999/11/30 v2.0 generic functions
\@emptytoks=\toks16
\ex@=\dimen139
))
(c:/Users/Rahma Anisa/AppData/Roaming/TinyTeX/texmf-dist/tex/latex/amsmath/amsb
sy.sty
Package: amsbsy 1999/11/29 v1.2d Bold Symbols
\pmbraise@=\dimen140
)
(c:/Users/Rahma Anisa/AppData/Roaming/TinyTeX/texmf-dist/tex/latex/amsmath/amso
pn.sty
Package: amsopn 2016/03/08 v2.02 operator names
)
\inf@bad=\count184
LaTeX Info: Redefining \frac on input line 234.
\uproot@=\count185
\leftroot@=\count186
LaTeX Info: Redefining \overline on input line 399.
\classnum@=\count187
\DOTSCASE@=\count188
LaTeX Info: Redefining \ldots on input line 496.
LaTeX Info: Redefining \dots on input line 499.
LaTeX Info: Redefining \cdots on input line 620.
\Mathstrutbox@=\box47
\strutbox@=\box48
\big@size=\dimen141
LaTeX Font Info:    Redeclaring font encoding OML on input line 743.
LaTeX Font Info:    Redeclaring font encoding OMS on input line 744.
\macc@depth=\count189
\c@MaxMatrixCols=\count190
\dotsspace@=\muskip16
\c@parentequation=\count191
\dspbrk@lvl=\count192
\tag@help=\toks17
\row@=\count193
\column@=\count194
\maxfields@=\count195
\andhelp@=\toks18
\eqnshift@=\dimen142
\alignsep@=\dimen143
\tagshift@=\dimen144
\tagwidth@=\dimen145
\totwidth@=\dimen146
\lineht@=\dimen147
\@envbody=\toks19
\multlinegap=\skip50
\multlinetaggap=\skip51
\mathdisplay@stack=\toks20
LaTeX Info: Redefining \[ on input line 2923.
LaTeX Info: Redefining \] on input line 2924.
)
(c:/Users/Rahma Anisa/AppData/Roaming/TinyTeX/texmf-dist/tex/generic/iftex/ifxe
tex.sty
Package: ifxetex 2019/10/25 v0.7 ifxetex legacy package. Use iftex instead.

(c:/Users/Rahma Anisa/AppData/Roaming/TinyTeX/texmf-dist/tex/generic/iftex/ifte
x.sty
Package: iftex 2020/03/06 v1.0d TeX engine tests
))
(c:/Users/Rahma Anisa/AppData/Roaming/TinyTeX/texmf-dist/tex/generic/iftex/iflu
atex.sty
Package: ifluatex 2019/10/25 v1.5 ifluatex legacy package. Use iftex instead.
)
(c:/Users/Rahma Anisa/AppData/Roaming/TinyTeX/texmf-dist/tex/latex/unicode-math
/unicode-math.sty
(c:/Users/Rahma Anisa/AppData/Roaming/TinyTeX/texmf-dist/tex/latex/l3kernel/exp
l3.sty
Package: expl3 2021-02-18 L3 programming layer (loader) 

(c:/Users/Rahma Anisa/AppData/Roaming/TinyTeX/texmf-dist/tex/latex/l3backend/l3
backend-xetex.def
File: l3backend-xetex.def 2021-03-02 L3 backend support: XeTeX
(|extractbb --version)
\c__kernel_sys_dvipdfmx_version_int=\count196
\l__color_backend_stack_int=\count197
\g__color_backend_stack_int=\count198
\g__graphics_track_int=\count199
\l__pdf_internal_box=\box49
\g__pdf_backend_object_int=\count266
\g__pdf_backend_annotation_int=\count267
\g__pdf_backend_link_int=\count268
))
Package: unicode-math 2020/01/31 v0.8q Unicode maths in XeLaTeX and LuaLaTeX

(c:/Users/Rahma Anisa/AppData/Roaming/TinyTeX/texmf-dist/tex/latex/unicode-math
/unicode-math-xetex.sty
Package: unicode-math-xetex 2020/01/31 v0.8q Unicode maths in XeLaTeX and LuaLa
TeX

(c:/Users/Rahma Anisa/AppData/Roaming/TinyTeX/texmf-dist/tex/latex/l3packages/x
parse/xparse.sty
(c:/Users/Rahma Anisa/AppData/Roaming/TinyTeX/texmf-dist/tex/latex/l3packages/x
parse/xparse-2020-10-01.sty
(c:/Users/Rahma Anisa/AppData/Roaming/TinyTeX/texmf-dist/tex/latex/l3packages/x
parse/xparse-generic.tex)))
(c:/Users/Rahma Anisa/AppData/Roaming/TinyTeX/texmf-dist/tex/latex/l3packages/l
3keys2e/l3keys2e.sty
Package: l3keys2e 2021-03-12 LaTeX2e option processing using LaTeX3 keys
)
(c:/Users/Rahma Anisa/AppData/Roaming/TinyTeX/texmf-dist/tex/latex/fontspec/fon
tspec.sty
Package: fontspec 2020/02/21 v2.7i Font selection for XeLaTeX and LuaLaTeX

(c:/Users/Rahma Anisa/AppData/Roaming/TinyTeX/texmf-dist/tex/latex/fontspec/fon
tspec-xetex.sty
Package: fontspec-xetex 2020/02/21 v2.7i Font selection for XeLaTeX and LuaLaTe
X
\l__fontspec_script_int=\count269
\l__fontspec_language_int=\count270
\l__fontspec_strnum_int=\count271
\l__fontspec_tmp_int=\count272
\l__fontspec_tmpa_int=\count273
\l__fontspec_tmpb_int=\count274
\l__fontspec_tmpc_int=\count275
\l__fontspec_em_int=\count276
\l__fontspec_emdef_int=\count277
\l__fontspec_strong_int=\count278
\l__fontspec_strongdef_int=\count279
\l__fontspec_tmpa_dim=\dimen148
\l__fontspec_tmpb_dim=\dimen149
\l__fontspec_tmpc_dim=\dimen150

(c:/Users/Rahma Anisa/AppData/Roaming/TinyTeX/texmf-dist/tex/latex/base/fontenc
.sty
Package: fontenc 2020/08/10 v2.0s Standard LaTeX package
)
(c:/Users/Rahma Anisa/AppData/Roaming/TinyTeX/texmf-dist/tex/latex/fontspec/fon
tspec.cfg)))
(c:/Users/Rahma Anisa/AppData/Roaming/TinyTeX/texmf-dist/tex/latex/base/fix-cm.
sty
Package: fix-cm 2015/01/14 v1.1t fixes to LaTeX

(c:/Users/Rahma Anisa/AppData/Roaming/TinyTeX/texmf-dist/tex/latex/base/ts1enc.
def
File: ts1enc.def 2001/06/05 v3.0e (jk/car/fm) Standard LaTeX file
LaTeX Font Info:    Redeclaring font encoding TS1 on input line 47.
))
\g__um_fam_int=\count280
\g__um_fonts_used_int=\count281
\l__um_primecount_int=\count282
\g__um_primekern_muskip=\muskip17

(c:/Users/Rahma Anisa/AppData/Roaming/TinyTeX/texmf-dist/tex/latex/unicode-math
/unicode-math-table.tex)))
(c:/Users/Rahma Anisa/AppData/Roaming/TinyTeX/texmf-dist/tex/latex/xcolor/xcolo
r.sty
Package: xcolor 2016/05/11 v2.12 LaTeX color extensions (UK)

(c:/Users/Rahma Anisa/AppData/Roaming/TinyTeX/texmf-dist/tex/latex/graphics-cfg
/color.cfg
File: color.cfg 2016/01/02 v1.6 sample color configuration
)
Package xcolor Info: Driver file: xetex.def on input line 225.

(c:/Users/Rahma Anisa/AppData/Roaming/TinyTeX/texmf-dist/tex/latex/graphics-def
/xetex.def
File: xetex.def 2020/08/26 v5.0i Graphics/color driver for xetex
)
Package xcolor Info: Model `cmy' substituted by `cmy0' on input line 1348.
Package xcolor Info: Model `RGB' extended on input line 1364.
Package xcolor Info: Model `HTML' substituted by `rgb' on input line 1366.
Package xcolor Info: Model `Hsb' substituted by `hsb' on input line 1367.
Package xcolor Info: Model `tHsb' substituted by `hsb' on input line 1368.
Package xcolor Info: Model `HSB' substituted by `hsb' on input line 1369.
Package xcolor Info: Model `Gray' substituted by `gray' on input line 1370.
Package xcolor Info: Model `wave' substituted by `hsb' on input line 1371.
)
(c:/Users/Rahma Anisa/AppData/Roaming/TinyTeX/texmf-dist/tex/latex/hyperref/hyp
erref.sty
Package: hyperref 2021-02-27 v7.00k Hypertext links for LaTeX

(c:/Users/Rahma Anisa/AppData/Roaming/TinyTeX/texmf-dist/tex/generic/ltxcmds/lt
xcmds.sty
Package: ltxcmds 2020-05-10 v1.25 LaTeX kernel commands for general use (HO)
)
(c:/Users/Rahma Anisa/AppData/Roaming/TinyTeX/texmf-dist/tex/generic/pdftexcmds
/pdftexcmds.sty
Package: pdftexcmds 2020-06-27 v0.33 Utility functions of pdfTeX for LuaTeX (HO
)

(c:/Users/Rahma Anisa/AppData/Roaming/TinyTeX/texmf-dist/tex/generic/infwarerr/
infwarerr.sty
Package: infwarerr 2019/12/03 v1.5 Providing info/warning/error messages (HO)
)
Package pdftexcmds Info: \pdf@primitive is available.
Package pdftexcmds Info: \pdf@ifprimitive is available.
Package pdftexcmds Info: \pdfdraftmode not found.
)
(c:/Users/Rahma Anisa/AppData/Roaming/TinyTeX/texmf-dist/tex/latex/graphics/key
val.sty
Package: keyval 2014/10/28 v1.15 key=value parser (DPC)
\KV@toks@=\toks21
)
(c:/Users/Rahma Anisa/AppData/Roaming/TinyTeX/texmf-dist/tex/generic/kvsetkeys/
kvsetkeys.sty
Package: kvsetkeys 2019/12/15 v1.18 Key value parser (HO)
)
(c:/Users/Rahma Anisa/AppData/Roaming/TinyTeX/texmf-dist/tex/generic/kvdefineke
ys/kvdefinekeys.sty
Package: kvdefinekeys 2019-12-19 v1.6 Define keys (HO)
)
(c:/Users/Rahma Anisa/AppData/Roaming/TinyTeX/texmf-dist/tex/generic/pdfescape/
pdfescape.sty
Package: pdfescape 2019/12/09 v1.15 Implements pdfTeX's escape features (HO)
)
(c:/Users/Rahma Anisa/AppData/Roaming/TinyTeX/texmf-dist/tex/latex/hycolor/hyco
lor.sty
Package: hycolor 2020-01-27 v1.10 Color options for hyperref/bookmark (HO)
)
(c:/Users/Rahma Anisa/AppData/Roaming/TinyTeX/texmf-dist/tex/latex/letltxmacro/
letltxmacro.sty
Package: letltxmacro 2019/12/03 v1.6 Let assignment for LaTeX macros (HO)
)
(c:/Users/Rahma Anisa/AppData/Roaming/TinyTeX/texmf-dist/tex/latex/auxhook/auxh
ook.sty
Package: auxhook 2019-12-17 v1.6 Hooks for auxiliary files (HO)
)
(c:/Users/Rahma Anisa/AppData/Roaming/TinyTeX/texmf-dist/tex/latex/kvoptions/kv
options.sty
Package: kvoptions 2020-10-07 v3.14 Key value format for package options (HO)
)
\@linkdim=\dimen151
\Hy@linkcounter=\count283
\Hy@pagecounter=\count284

(c:/Users/Rahma Anisa/AppData/Roaming/TinyTeX/texmf-dist/tex/latex/hyperref/pd1
enc.def
File: pd1enc.def 2021-02-27 v7.00k Hyperref: PDFDocEncoding definition (HO)
)
(c:/Users/Rahma Anisa/AppData/Roaming/TinyTeX/texmf-dist/tex/latex/hyperref/hyp
erref-langpatches.def
File: hyperref-langpatches.def 2021-02-27 v7.00k Hyperref: patches for babel la
nguages
)
(c:/Users/Rahma Anisa/AppData/Roaming/TinyTeX/texmf-dist/tex/generic/intcalc/in
tcalc.sty
Package: intcalc 2019/12/15 v1.3 Expandable calculations with integers (HO)
)
(c:/Users/Rahma Anisa/AppData/Roaming/TinyTeX/texmf-dist/tex/generic/etexcmds/e
texcmds.sty
Package: etexcmds 2019/12/15 v1.7 Avoid name clashes with e-TeX commands (HO)
)
\Hy@SavedSpaceFactor=\count285

(c:/Users/Rahma Anisa/AppData/Roaming/TinyTeX/texmf-dist/tex/latex/hyperref/pue
nc.def
File: puenc.def 2021-02-27 v7.00k Hyperref: PDF Unicode definition (HO)
)
Package hyperref Info: Option `unicode' set `true' on input line 4073.
Package hyperref Info: Hyper figures OFF on input line 4192.
Package hyperref Info: Link nesting OFF on input line 4197.
Package hyperref Info: Hyper index ON on input line 4200.
Package hyperref Info: Plain pages OFF on input line 4207.
Package hyperref Info: Backreferencing OFF on input line 4212.
Package hyperref Info: Implicit mode ON; LaTeX internals redefined.
Package hyperref Info: Bookmarks ON on input line 4445.
\c@Hy@tempcnt=\count286
(c:/Users/Rahma Anisa/AppData/Roaming/TinyTeX/texmf-dist/tex/latex/url/url.sty
\Urlmuskip=\muskip18
Package: url 2013/09/16  ver 3.4  Verb mode for urls, etc.
)
LaTeX Info: Redefining \url on input line 4804.
\XeTeXLinkMargin=\dimen152

(c:/Users/Rahma Anisa/AppData/Roaming/TinyTeX/texmf-dist/tex/generic/bitset/bit
set.sty
Package: bitset 2019/12/09 v1.3 Handle bit-vector datatype (HO)

(c:/Users/Rahma Anisa/AppData/Roaming/TinyTeX/texmf-dist/tex/generic/bigintcalc
/bigintcalc.sty
Package: bigintcalc 2019/12/15 v1.5 Expandable calculations on big integers (HO
)
))
\Fld@menulength=\count287
\Field@Width=\dimen153
\Fld@charsize=\dimen154
Package hyperref Info: Hyper figures OFF on input line 6075.
Package hyperref Info: Link nesting OFF on input line 6080.
Package hyperref Info: Hyper index ON on input line 6083.
Package hyperref Info: backreferencing OFF on input line 6090.
Package hyperref Info: Link coloring OFF on input line 6095.
Package hyperref Info: Link coloring with OCG OFF on input line 6100.
Package hyperref Info: PDF/A mode OFF on input line 6105.
LaTeX Info: Redefining \ref on input line 6145.
LaTeX Info: Redefining \pageref on input line 6149.

(c:/Users/Rahma Anisa/AppData/Roaming/TinyTeX/texmf-dist/tex/latex/base/atbegsh
i-ltx.sty
Package: atbegshi-ltx 2020/08/17 v1.0a Emulation of the original atbegshi packa
ge
with kernel methods
)
\Hy@abspage=\count288
\c@Item=\count289
\c@Hfootnote=\count290
)
Package hyperref Info: Driver (autodetected): hxetex.

(c:/Users/Rahma Anisa/AppData/Roaming/TinyTeX/texmf-dist/tex/latex/hyperref/hxe
tex.def
File: hxetex.def 2021-02-27 v7.00k Hyperref driver for XeTeX

(c:/Users/Rahma Anisa/AppData/Roaming/TinyTeX/texmf-dist/tex/generic/stringenc/
stringenc.sty
Package: stringenc 2019/11/29 v1.12 Convert strings between diff. encodings (HO
)
)
\pdfm@box=\box50
\c@Hy@AnnotLevel=\count291
\HyField@AnnotCount=\count292
\Fld@listcount=\count293
\c@bookmark@seq@number=\count294

(c:/Users/Rahma Anisa/AppData/Roaming/TinyTeX/texmf-dist/tex/latex/rerunfileche
ck/rerunfilecheck.sty
Package: rerunfilecheck 2019/12/05 v1.9 Rerun checks for auxiliary files (HO)

(c:/Users/Rahma Anisa/AppData/Roaming/TinyTeX/texmf-dist/tex/latex/base/atverye
nd-ltx.sty
Package: atveryend-ltx 2020/08/19 v1.0a Emulation of the original atvery packag
e
with kernel methods
)
(c:/Users/Rahma Anisa/AppData/Roaming/TinyTeX/texmf-dist/tex/generic/uniquecoun
ter/uniquecounter.sty
Package: uniquecounter 2019/12/15 v1.4 Provide unlimited unique counter (HO)
)
Package uniquecounter Info: New unique counter `rerunfilecheck' on input line 2
86.
)
\Hy@SectionHShift=\skip52
)
(c:/Users/Rahma Anisa/AppData/Roaming/TinyTeX/texmf-dist/tex/latex/fancyvrb/fan
cyvrb.sty
Package: fancyvrb 2021/01/20 v3.7 verbatim text (tvz,hv)
\FV@CodeLineNo=\count295
\FV@InFile=\read2
\FV@TabBox=\box51
\c@FancyVerbLine=\count296
\FV@StepNumber=\count297
\FV@OutFile=\write3
)
(c:/Users/Rahma Anisa/AppData/Roaming/TinyTeX/texmf-dist/tex/latex/framed/frame
d.sty
Package: framed 2011/10/22 v 0.96: framed or shaded text with page breaks
\OuterFrameSep=\skip53
\fb@frw=\dimen155
\fb@frh=\dimen156
\FrameRule=\dimen157
\FrameSep=\dimen158
)
(c:/Users/Rahma Anisa/AppData/Roaming/TinyTeX/texmf-dist/tex/latex/tools/longta
ble.sty
Package: longtable 2020/01/07 v4.13 Multi-page Table package (DPC)
\LTleft=\skip54
\LTright=\skip55
\LTpre=\skip56
\LTpost=\skip57
\LTchunksize=\count298
\LTcapwidth=\dimen159
\LT@head=\box52
\LT@firsthead=\box53
\LT@foot=\box54
\LT@lastfoot=\box55
\LT@cols=\count299
\LT@rows=\count300
\c@LT@tables=\count301
\c@LT@chunks=\count302
\LT@p@ftn=\toks22
)
(c:/Users/Rahma Anisa/AppData/Roaming/TinyTeX/texmf-dist/tex/latex/booktabs/boo
ktabs.sty
Package: booktabs 2020/01/12 v1.61803398 Publication quality tables
\heavyrulewidth=\dimen160
\lightrulewidth=\dimen161
\cmidrulewidth=\dimen162
\belowrulesep=\dimen163
\belowbottomsep=\dimen164
\aboverulesep=\dimen165
\abovetopsep=\dimen166
\cmidrulesep=\dimen167
\cmidrulekern=\dimen168
\defaultaddspace=\dimen169
\@cmidla=\count303
\@cmidlb=\count304
\@aboverulesep=\dimen170
\@belowrulesep=\dimen171
\@thisruleclass=\count305
\@lastruleclass=\count306
\@thisrulewidth=\dimen172
)
(c:/Users/Rahma Anisa/AppData/Roaming/TinyTeX/texmf-dist/tex/latex/etoolbox/eto
olbox.sty
Package: etoolbox 2020/10/05 v2.5k e-TeX tools for LaTeX (JAW)
\etb@tempcnta=\count307
)
(c:/Users/Rahma Anisa/AppData/Roaming/TinyTeX/texmf-dist/tex/latex/mdwtools/foo
tnote.sty
Package: footnote 1997/01/28 1.13 Save footnotes around boxes
\fn@notes=\box56
\fn@width=\dimen173
)
(c:/Users/Rahma Anisa/AppData/Roaming/TinyTeX/texmf-dist/tex/latex/graphics/gra
phicx.sty
Package: graphicx 2020/09/09 v1.2b Enhanced LaTeX Graphics (DPC,SPQR)

(c:/Users/Rahma Anisa/AppData/Roaming/TinyTeX/texmf-dist/tex/latex/graphics/gra
phics.sty
Package: graphics 2020/08/30 v1.4c Standard LaTeX Graphics (DPC,SPQR)

(c:/Users/Rahma Anisa/AppData/Roaming/TinyTeX/texmf-dist/tex/latex/graphics/tri
g.sty
Package: trig 2016/01/03 v1.10 sin cos tan (DPC)
)
(c:/Users/Rahma Anisa/AppData/Roaming/TinyTeX/texmf-dist/tex/latex/graphics-cfg
/graphics.cfg
File: graphics.cfg 2016/06/04 v1.11 sample graphics configuration
)
Package graphics Info: Driver file: xetex.def on input line 105.
)
\Gin@req@height=\dimen174
\Gin@req@width=\dimen175
)
(c:/Users/Rahma Anisa/AppData/Roaming/TinyTeX/texmf-dist/tex/latex/caption/capt
ion.sty
Package: caption 2020/10/26 v3.5g Customizing captions (AR)

(c:/Users/Rahma Anisa/AppData/Roaming/TinyTeX/texmf-dist/tex/latex/caption/capt
ion3.sty
Package: caption3 2020/10/21 v2.2e caption3 kernel (AR)
\captionmargin=\dimen176
\captionmargin@=\dimen177
\captionwidth=\dimen178
\caption@tempdima=\dimen179
\caption@indent=\dimen180
\caption@parindent=\dimen181
\caption@hangindent=\dimen182
Package caption Info: Standard document class detected.
)
\c@caption@flags=\count308
\c@continuedfloat=\count309
Package caption Info: hyperref package is loaded.
Package caption Info: longtable package is loaded.

(c:/Users/Rahma Anisa/AppData/Roaming/TinyTeX/texmf-dist/tex/latex/caption/ltca
ption.sty
Package: ltcaption 2020/05/30 v1.4b longtable captions (AR)
))
(c:/Users/Rahma Anisa/AppData/Roaming/TinyTeX/texmf-dist/tex/latex/natbib/natbi
b.sty
Package: natbib 2010/09/13 8.31b (PWD, AO)
\bibhang=\skip58
\bibsep=\skip59
LaTeX Info: Redefining \cite on input line 694.
\c@NAT@ctr=\count310
)
No file modul.aux.
\openout1 = `modul.aux'.

LaTeX Font Info:    Checking defaults for OML/cmm/m/it on input line 125.
LaTeX Font Info:    ... okay on input line 125.
LaTeX Font Info:    Checking defaults for OMS/cmsy/m/n on input line 125.
LaTeX Font Info:    ... okay on input line 125.
LaTeX Font Info:    Checking defaults for OT1/cmr/m/n on input line 125.
LaTeX Font Info:    ... okay on input line 125.
LaTeX Font Info:    Checking defaults for T1/cmr/m/n on input line 125.
LaTeX Font Info:    ... okay on input line 125.
LaTeX Font Info:    Checking defaults for TS1/cmr/m/n on input line 125.
LaTeX Font Info:    ... okay on input line 125.
LaTeX Font Info:    Checking defaults for TU/lmr/m/n on input line 125.
LaTeX Font Info:    ... okay on input line 125.
LaTeX Font Info:    Checking defaults for OMX/cmex/m/n on input line 125.
LaTeX Font Info:    ... okay on input line 125.
LaTeX Font Info:    Checking defaults for U/cmr/m/n on input line 125.
LaTeX Font Info:    ... okay on input line 125.
LaTeX Font Info:    Checking defaults for PD1/pdf/m/n on input line 125.
LaTeX Font Info:    ... okay on input line 125.
LaTeX Font Info:    Checking defaults for PU/pdf/m/n on input line 125.
LaTeX Font Info:    ... okay on input line 125.
LaTeX Font Info:    Overwriting math alphabet `\mathrm' in version `normal'
(Font)                  OT1/lmr/m/n --> TU/lmr/m/n on input line 125.
LaTeX Font Info:    Overwriting math alphabet `\mathit' in version `normal'
(Font)                  OT1/lmr/m/it --> TU/lmr/m/it on input line 125.
LaTeX Font Info:    Overwriting math alphabet `\mathbf' in version `normal'
(Font)                  OT1/lmr/bx/n --> TU/lmr/bx/n on input line 125.
LaTeX Font Info:    Overwriting math alphabet `\mathsf' in version `normal'
(Font)                  OT1/lmss/m/n --> TU/lmss/m/n on input line 125.
LaTeX Font Info:    Overwriting math alphabet `\mathsf' in version `bold'
(Font)                  OT1/lmss/bx/n --> TU/lmss/bx/n on input line 125.
LaTeX Font Info:    Overwriting math alphabet `\mathtt' in version `normal'
(Font)                  OT1/lmtt/m/n --> TU/lmtt/m/n on input line 125.
LaTeX Font Info:    Overwriting math alphabet `\mathtt' in version `bold'
(Font)                  OT1/lmtt/m/n --> TU/lmtt/bx/n on input line 125.

Package fontspec Info: latinmodern-math scale = 0.9999964596882403.


Package fontspec Info: latinmodern-math scale = 0.9999964596882403.


Package fontspec Info: latinmodern-math scale = 0.9999964596882403.


Package fontspec Info: Font family 'latinmodern-math.otf(0)' created for font
(fontspec)             'latinmodern-math.otf' with options
(fontspec)             [Scale=MatchLowercase,BoldItalicFont={},ItalicFont={},Sm
allCapsFont={},Script=Math,BoldFont={latinmodern-math.otf}].
(fontspec)              
(fontspec)              This font family consists of the following NFSS
(fontspec)             series/shapes:
(fontspec)              
(fontspec)             - 'normal' (m/n) with NFSS spec.:
(fontspec)             <->s*[0.9999964596882403]"[latinmodern-math.otf]/OT:scri
pt=math;language=dflt;"
(fontspec)             - 'small caps'  (m/sc) with NFSS spec.: 
(fontspec)             - 'bold' (b/n) with NFSS spec.:
(fontspec)             <->s*[0.9999964596882403]"[latinmodern-math.otf]/OT:scri
pt=math;language=dflt;"
(fontspec)             - 'bold small caps'  (b/sc) with NFSS spec.: 

LaTeX Font Info:    Font shape `TU/latinmodern-math.otf(0)/m/n' will be
(Font)              scaled to size 10.0pt on input line 125.

Package fontspec Info: latinmodern-math scale = 0.9999964596882403.


Package fontspec Info: latinmodern-math scale = 0.9999964596882403.


Package fontspec Info: latinmodern-math scale = 0.9999964596882403.


Package fontspec Info: latinmodern-math scale = 0.9999964596882403.


Package fontspec Info: latinmodern-math scale = 0.9999964596882403.


Package fontspec Info: Font family 'latinmodern-math.otf(1)' created for font
(fontspec)             'latinmodern-math.otf' with options
(fontspec)             [Scale=MatchLowercase,BoldItalicFont={},ItalicFont={},Sm
allCapsFont={},Script=Math,SizeFeatures={{Size=8.5-},{Size=6-8.5,Font=latinmode
rn-math.otf,Style=MathScript},{Size=-6,Font=latinmodern-math.otf,Style=MathScri
ptScript}},BoldFont={latinmodern-math.otf}].
(fontspec)              
(fontspec)              This font family consists of the following NFSS
(fontspec)             series/shapes:
(fontspec)              
(fontspec)             - 'normal' (m/n) with NFSS spec.:
(fontspec)             <8.5->s*[0.9999964596882403]"[latinmodern-math.otf]/OT:s
cript=math;language=dflt;"<6-8.5>s*[0.9999964596882403]"[latinmodern-math.otf]/
OT:script=math;language=dflt;+ssty=0;"<-6>s*[0.9999964596882403]"[latinmodern-m
ath.otf]/OT:script=math;language=dflt;+ssty=1;"
(fontspec)             - 'small caps'  (m/sc) with NFSS spec.: 
(fontspec)             - 'bold' (b/n) with NFSS spec.:
(fontspec)             <->s*[0.9999964596882403]"[latinmodern-math.otf]/OT:scri
pt=math;language=dflt;"
(fontspec)             - 'bold small caps'  (b/sc) with NFSS spec.: 

LaTeX Font Info:    Font shape `TU/latinmodern-math.otf(1)/m/n' will be
(Font)              scaled to size 10.0pt on input line 125.
LaTeX Font Info:    Encoding `OT1' has changed to `TU' for symbol font
(Font)              `operators' in the math version `normal' on input line 125.

LaTeX Font Info:    Overwriting symbol font `operators' in version `normal'
(Font)                  OT1/lmr/m/n --> TU/latinmodern-math.otf(1)/m/n on input
 line 125.
LaTeX Font Info:    Encoding `OT1' has changed to `TU' for symbol font
(Font)              `operators' in the math version `bold' on input line 125.
LaTeX Font Info:    Overwriting symbol font `operators' in version `bold'
(Font)                  OT1/lmr/bx/n --> TU/latinmodern-math.otf(1)/b/n on inpu
t line 125.

Package fontspec Info: latinmodern-math scale = 0.9999964596882403.


Package fontspec Info: latinmodern-math scale = 1.000096459334209.


Package fontspec Info: latinmodern-math scale = 0.9999964596882403.


Package fontspec Info: latinmodern-math scale = 1.000096459334209.


Package fontspec Info: latinmodern-math scale = 0.9999964596882403.


Package fontspec Info: latinmodern-math scale = 1.000096459334209.


Package fontspec Info: latinmodern-math scale = 0.9999964596882403.


Package fontspec Info: latinmodern-math scale = 1.000096459334209.


Package fontspec Info: latinmodern-math scale = 0.9999964596882403.


Package fontspec Info: latinmodern-math scale = 1.000096459334209.


Package fontspec Info: Font family 'latinmodern-math.otf(2)' created for font
(fontspec)             'latinmodern-math.otf' with options
(fontspec)             [Scale=MatchLowercase,BoldItalicFont={},ItalicFont={},Sm
allCapsFont={},Script=Math,SizeFeatures={{Size=8.5-},{Size=6-8.5,Font=latinmode
rn-math.otf,Style=MathScript},{Size=-6,Font=latinmodern-math.otf,Style=MathScri
ptScript}},BoldFont={latinmodern-math.otf},ScaleAgain=1.0001,FontAdjustment={\f
ontdimen
(fontspec)             8\font =6.77pt\relax \fontdimen 9\font =3.94pt\relax
(fontspec)             \fontdimen 10\font =4.44pt\relax \fontdimen 11\font
(fontspec)             =6.86pt\relax \fontdimen 12\font =3.45pt\relax
(fontspec)             \fontdimen 13\font =3.63pt\relax \fontdimen 14\font
(fontspec)             =3.63pt\relax \fontdimen 15\font =2.89pt\relax
(fontspec)             \fontdimen 16\font =2.47pt\relax \fontdimen 17\font
(fontspec)             =2.47pt\relax \fontdimen 18\font =2.5pt\relax
(fontspec)             \fontdimen 19\font =2.0pt\relax \fontdimen 22\font
(fontspec)             =2.5pt\relax \fontdimen 20\font =0pt\relax \fontdimen
(fontspec)             21\font =0pt\relax }].
(fontspec)              
(fontspec)              This font family consists of the following NFSS
(fontspec)             series/shapes:
(fontspec)              
(fontspec)             - 'normal' (m/n) with NFSS spec.:
(fontspec)             <8.5->s*[1.000096459334209]"[latinmodern-math.otf]/OT:sc
ript=math;language=dflt;"<6-8.5>s*[1.000096459334209]"[latinmodern-math.otf]/OT
:script=math;language=dflt;+ssty=0;"<-6>s*[1.000096459334209]"[latinmodern-math
.otf]/OT:script=math;language=dflt;+ssty=1;"
(fontspec)             - 'small caps'  (m/sc) with NFSS spec.: 
(fontspec)             and font adjustment code:
(fontspec)             \fontdimen 8\font =6.77pt\relax \fontdimen 9\font
(fontspec)             =3.94pt\relax \fontdimen 10\font =4.44pt\relax
(fontspec)             \fontdimen 11\font =6.86pt\relax \fontdimen 12\font
(fontspec)             =3.45pt\relax \fontdimen 13\font =3.63pt\relax
(fontspec)             \fontdimen 14\font =3.63pt\relax \fontdimen 15\font
(fontspec)             =2.89pt\relax \fontdimen 16\font =2.47pt\relax
(fontspec)             \fontdimen 17\font =2.47pt\relax \fontdimen 18\font
(fontspec)             =2.5pt\relax \fontdimen 19\font =2.0pt\relax \fontdimen
(fontspec)             22\font =2.5pt\relax \fontdimen 20\font =0pt\relax
(fontspec)             \fontdimen 21\font =0pt\relax 
(fontspec)             - 'bold' (b/n) with NFSS spec.:
(fontspec)             <->s*[1.000096459334209]"[latinmodern-math.otf]/OT:scrip
t=math;language=dflt;"
(fontspec)             - 'bold small caps'  (b/sc) with NFSS spec.: 
(fontspec)             and font adjustment code:
(fontspec)             \fontdimen 8\font =6.77pt\relax \fontdimen 9\font
(fontspec)             =3.94pt\relax \fontdimen 10\font =4.44pt\relax
(fontspec)             \fontdimen 11\font =6.86pt\relax \fontdimen 12\font
(fontspec)             =3.45pt\relax \fontdimen 13\font =3.63pt\relax
(fontspec)             \fontdimen 14\font =3.63pt\relax \fontdimen 15\font
(fontspec)             =2.89pt\relax \fontdimen 16\font =2.47pt\relax
(fontspec)             \fontdimen 17\font =2.47pt\relax \fontdimen 18\font
(fontspec)             =2.5pt\relax \fontdimen 19\font =2.0pt\relax \fontdimen
(fontspec)             22\font =2.5pt\relax \fontdimen 20\font =0pt\relax
(fontspec)             \fontdimen 21\font =0pt\relax 

LaTeX Font Info:    Encoding `OMS' has changed to `TU' for symbol font
(Font)              `symbols' in the math version `normal' on input line 125.
LaTeX Font Info:    Overwriting symbol font `symbols' in version `normal'
(Font)                  OMS/lmsy/m/n --> TU/latinmodern-math.otf(2)/m/n on inpu
t line 125.
LaTeX Font Info:    Encoding `OMS' has changed to `TU' for symbol font
(Font)              `symbols' in the math version `bold' on input line 125.
LaTeX Font Info:    Overwriting symbol font `symbols' in version `bold'
(Font)                  OMS/lmsy/b/n --> TU/latinmodern-math.otf(2)/b/n on inpu
t line 125.

Package fontspec Info: latinmodern-math scale = 0.9999964596882403.


Package fontspec Info: latinmodern-math scale = 0.9998964600422715.


Package fontspec Info: latinmodern-math scale = 0.9999964596882403.


Package fontspec Info: latinmodern-math scale = 0.9998964600422715.


Package fontspec Info: latinmodern-math scale = 0.9999964596882403.


Package fontspec Info: latinmodern-math scale = 0.9998964600422715.


Package fontspec Info: latinmodern-math scale = 0.9999964596882403.


Package fontspec Info: latinmodern-math scale = 0.9998964600422715.


Package fontspec Info: latinmodern-math scale = 0.9999964596882403.


Package fontspec Info: latinmodern-math scale = 0.9998964600422715.


Package fontspec Info: Font family 'latinmodern-math.otf(3)' created for font
(fontspec)             'latinmodern-math.otf' with options
(fontspec)             [Scale=MatchLowercase,BoldItalicFont={},ItalicFont={},Sm
allCapsFont={},Script=Math,SizeFeatures={{Size=8.5-},{Size=6-8.5,Font=latinmode
rn-math.otf,Style=MathScript},{Size=-6,Font=latinmodern-math.otf,Style=MathScri
ptScript}},BoldFont={latinmodern-math.otf},ScaleAgain=0.9999,FontAdjustment={\f
ontdimen
(fontspec)             8\font =0.4pt\relax \fontdimen 9\font =2.0pt\relax
(fontspec)             \fontdimen 10\font =1.67pt\relax \fontdimen 11\font
(fontspec)             =1.11pt\relax \fontdimen 12\font =6.0pt\relax
(fontspec)             \fontdimen 13\font =0pt\relax }].
(fontspec)              
(fontspec)              This font family consists of the following NFSS
(fontspec)             series/shapes:
(fontspec)              
(fontspec)             - 'normal' (m/n) with NFSS spec.:
(fontspec)             <8.5->s*[0.9998964600422715]"[latinmodern-math.otf]/OT:s
cript=math;language=dflt;"<6-8.5>s*[0.9998964600422715]"[latinmodern-math.otf]/
OT:script=math;language=dflt;+ssty=0;"<-6>s*[0.9998964600422715]"[latinmodern-m
ath.otf]/OT:script=math;language=dflt;+ssty=1;"
(fontspec)             - 'small caps'  (m/sc) with NFSS spec.: 
(fontspec)             and font adjustment code:
(fontspec)             \fontdimen 8\font =0.4pt\relax \fontdimen 9\font
(fontspec)             =2.0pt\relax \fontdimen 10\font =1.67pt\relax
(fontspec)             \fontdimen 11\font =1.11pt\relax \fontdimen 12\font
(fontspec)             =6.0pt\relax \fontdimen 13\font =0pt\relax 
(fontspec)             - 'bold' (b/n) with NFSS spec.:
(fontspec)             <->s*[0.9998964600422715]"[latinmodern-math.otf]/OT:scri
pt=math;language=dflt;"
(fontspec)             - 'bold small caps'  (b/sc) with NFSS spec.: 
(fontspec)             and font adjustment code:
(fontspec)             \fontdimen 8\font =0.4pt\relax \fontdimen 9\font
(fontspec)             =2.0pt\relax \fontdimen 10\font =1.67pt\relax
(fontspec)             \fontdimen 11\font =1.11pt\relax \fontdimen 12\font
(fontspec)             =6.0pt\relax \fontdimen 13\font =0pt\relax 

LaTeX Font Info:    Encoding `OMX' has changed to `TU' for symbol font
(Font)              `largesymbols' in the math version `normal' on input line 1
25.
LaTeX Font Info:    Overwriting symbol font `largesymbols' in version `normal'
(Font)                  OMX/lmex/m/n --> TU/latinmodern-math.otf(3)/m/n on inpu
t line 125.
LaTeX Font Info:    Encoding `OMX' has changed to `TU' for symbol font
(Font)              `largesymbols' in the math version `bold' on input line 125
.
LaTeX Font Info:    Overwriting symbol font `largesymbols' in version `bold'
(Font)                  OMX/lmex/m/n --> TU/latinmodern-math.otf(3)/b/n on inpu
t line 125.
Package hyperref Info: Link coloring OFF on input line 125.

(c:/Users/Rahma Anisa/AppData/Roaming/TinyTeX/texmf-dist/tex/latex/hyperref/nam
eref.sty
Package: nameref 2021-04-02 v2.47 Cross-referencing by name of section

(c:/Users/Rahma Anisa/AppData/Roaming/TinyTeX/texmf-dist/tex/latex/refcount/ref
count.sty
Package: refcount 2019/12/15 v3.6 Data extraction from label references (HO)
)
(c:/Users/Rahma Anisa/AppData/Roaming/TinyTeX/texmf-dist/tex/generic/gettitlest
ring/gettitlestring.sty
Package: gettitlestring 2019/12/15 v1.6 Cleanup title references (HO)
)
\c@section@level=\count311
)
LaTeX Info: Redefining \ref on input line 125.
LaTeX Info: Redefining \pageref on input line 125.
LaTeX Info: Redefining \nameref on input line 125.
\@outlinefile=\write4
\openout4 = `modul.out'.


Package hyperref Warning: Rerun to get /PageLabels entry.

Package caption Info: Begin \AtBeginDocument code.
Package caption Info: End \AtBeginDocument code.
LaTeX Font Info:    Font shape `TU/latinmodern-math.otf(1)/m/n' will be
(Font)              scaled to size 12.0pt on input line 127.
LaTeX Font Info:    Font shape `TU/latinmodern-math.otf(1)/m/n' will be
(Font)              scaled to size 8.0pt on input line 127.
LaTeX Font Info:    Font shape `TU/latinmodern-math.otf(1)/m/n' will be
(Font)              scaled to size 6.0pt on input line 127.
LaTeX Font Info:    Trying to load font information for OML+lmm on input line 1
27.

(c:/Users/Rahma Anisa/AppData/Roaming/TinyTeX/texmf-dist/tex/latex/lm/omllmm.fd
File: omllmm.fd 2009/10/30 v1.6 Font defs for Latin Modern
)
LaTeX Font Info:    Font shape `TU/latinmodern-math.otf(2)/m/n' will be
(Font)              scaled to size 12.0011pt on input line 127.
LaTeX Font Info:    Font shape `TU/latinmodern-math.otf(2)/m/n' will be
(Font)              scaled to size 8.00073pt on input line 127.
LaTeX Font Info:    Font shape `TU/latinmodern-math.otf(2)/m/n' will be
(Font)              scaled to size 6.00055pt on input line 127.
LaTeX Font Info:    Font shape `TU/latinmodern-math.otf(3)/m/n' will be
(Font)              scaled to size 11.99872pt on input line 127.
LaTeX Font Info:    Font shape `TU/latinmodern-math.otf(3)/m/n' will be
(Font)              scaled to size 7.99915pt on input line 127.
LaTeX Font Info:    Font shape `TU/latinmodern-math.otf(3)/m/n' will be
(Font)              scaled to size 5.99936pt on input line 127.
LaTeX Font Info:    Trying to load font information for U+msa on input line 127
.

(c:/Users/Rahma Anisa/AppData/Roaming/TinyTeX/texmf-dist/tex/latex/amsfonts/ums
a.fd
File: umsa.fd 2013/01/14 v3.01 AMS symbols A
)
LaTeX Font Info:    Trying to load font information for U+msb on input line 127
.

(c:/Users/Rahma Anisa/AppData/Roaming/TinyTeX/texmf-dist/tex/latex/amsfonts/ums
b.fd
File: umsb.fd 2013/01/14 v3.01 AMS symbols B
) [1


] [2

]
\tf@toc=\write5
\openout5 = `modul.toc'.

[3] [4

]
Chapter 1.
LaTeX Font Info:    Font shape `TU/latinmodern-math.otf(1)/m/n' will be
(Font)              scaled to size 7.0pt on input line 143.
LaTeX Font Info:    Font shape `TU/latinmodern-math.otf(1)/m/n' will be
(Font)              scaled to size 5.0pt on input line 143.
LaTeX Font Info:    Font shape `TU/latinmodern-math.otf(2)/m/n' will be
(Font)              scaled to size 10.00092pt on input line 143.
LaTeX Font Info:    Font shape `TU/latinmodern-math.otf(2)/m/n' will be
(Font)              scaled to size 7.00064pt on input line 143.
LaTeX Font Info:    Font shape `TU/latinmodern-math.otf(2)/m/n' will be
(Font)              scaled to size 5.00046pt on input line 143.
LaTeX Font Info:    Font shape `TU/latinmodern-math.otf(3)/m/n' will be
(Font)              scaled to size 9.99893pt on input line 143.
LaTeX Font Info:    Font shape `TU/latinmodern-math.otf(3)/m/n' will be
(Font)              scaled to size 6.99925pt on input line 143.
LaTeX Font Info:    Font shape `TU/latinmodern-math.otf(3)/m/n' will be
(Font)              scaled to size 4.99947pt on input line 143.
LaTeX Font Info:    Font shape `TU/lmtt/bx/n' in size <10> not available
(Font)              Font shape `TU/lmtt/b/n' tried instead on input line 158.
[5]
Overfull \hbox (2.16454pt too wide) has occurred while \output is active
\TU/lmr/m/n/10 6 \TU/lmr/m/sl/10 CHAPTER 1.  PENGANTAR ANALISIS SPASIAL DENGAN 
R SOFTWARE
 []

[6]
Underfull \hbox (badness 1521) in paragraph at lines 243--244
\TU/lmr/m/n/10 R memiliki 6 cara untuk menyimpan data dalam bentuk objek, yaitu

 []

[7]
Overfull \hbox (2.16454pt too wide) has occurred while \output is active
\TU/lmr/m/n/10 8 \TU/lmr/m/sl/10 CHAPTER 1.  PENGANTAR ANALISIS SPASIAL DENGAN 
R SOFTWARE
 []

[8] [9]
Overfull \hbox (7.16454pt too wide) has occurred while \output is active
\TU/lmr/m/n/10 10 \TU/lmr/m/sl/10 CHAPTER 1.  PENGANTAR ANALISIS SPASIAL DENGAN
 R SOFTWARE
 []

[10] [11]
Overfull \hbox (6.75pt too wide) in paragraph at lines 673--673
[]\TU/lmtt/m/n/10 ##  [1] "Hockey"     "Football"   "Baseball"   "Curling"    "
Rugby"[] 
 []


Overfull \hbox (12.0pt too wide) in paragraph at lines 673--673
[]\TU/lmtt/m/n/10 ##  [6] "Lacrosse"   "Basketball" "Tennis"     "Cricket"    "
Soccer"[] 
 []


Overfull \hbox (7.16454pt too wide) has occurred while \output is active
\TU/lmr/m/n/10 12 \TU/lmr/m/sl/10 CHAPTER 1.  PENGANTAR ANALISIS SPASIAL DENGAN
 R SOFTWARE
 []

[12]
Underfull \hbox (badness 1142) in paragraph at lines 720--721
\TU/lmr/m/n/10 Sebagai ilustrasi, akan digunakan data yang tersedia pada laman 
[]$[][][][] []
 []

[13]
Overfull \hbox (7.16454pt too wide) has occurred while \output is active
\TU/lmr/m/n/10 14 \TU/lmr/m/sl/10 CHAPTER 1.  PENGANTAR ANALISIS SPASIAL DENGAN
 R SOFTWARE
 []

[14]
Overfull \hbox (395.25pt too wide) in paragraph at lines 786--786
[]\TU/lmtt/m/n/10 ## Source: "D:\Research (eksternal dept)\pelatihan spasial (a
dj)\modeul 2\Pelatihan-Spasial\SnowGIS_SHP\SnowGIS_SHP", layer: "Cholera_Deaths
"[] 
 []


Overfull \hbox (232.5pt too wide) in paragraph at lines 786--786
[]\TU/lmtt/m/n/10 ## CRS: +proj=tmerc +lat_0=49 +lon_0=-2 +k=0.9996012717 +x_0=
400000 +y_0=-100000 +ellps=airy +units=m +no_defs[] 
 []


Overfull \hbox (395.25pt too wide) in paragraph at lines 801--801
[]\TU/lmtt/m/n/10 ## Source: "D:\Research (eksternal dept)\pelatihan spasial (a
dj)\modeul 2\Pelatihan-Spasial\SnowGIS_SHP\SnowGIS_SHP", layer: "Cholera_Deaths
"[] 
 []

[15]
File: modul_files/figure-latex/unnamed-chunk-22-1.pdf Graphic file (type pdf)
<use modul_files/figure-latex/unnamed-chunk-22-1.pdf>

Overfull \hbox (7.16454pt too wide) has occurred while \output is active
\TU/lmr/m/n/10 16 \TU/lmr/m/sl/10 CHAPTER 1.  PENGANTAR ANALISIS SPASIAL DENGAN
 R SOFTWARE
 []

[16] [17]
Overfull \hbox (342.75pt too wide) in paragraph at lines 948--948
[]\TU/lmtt/m/n/10 ## Source: "D:\Research (eksternal dept)\pelatihan spasial (a
dj)\modeul 2\Pelatihan-Spasial\Peta Pontianak", layer: "Pontianak_kec"[] 
 []

File: modul_files/figure-latex/unnamed-chunk-26-1.pdf Graphic file (type pdf)
<use modul_files/figure-latex/unnamed-chunk-26-1.pdf>

Underfull \vbox (badness 5064) has occurred while \output is active []


Overfull \hbox (7.16454pt too wide) has occurred while \output is active
\TU/lmr/m/n/10 18 \TU/lmr/m/sl/10 CHAPTER 1.  PENGANTAR ANALISIS SPASIAL DENGAN
 R SOFTWARE
 []

[18]
File: modul_files/figure-latex/unnamed-chunk-27-1.pdf Graphic file (type pdf)
<use modul_files/figure-latex/unnamed-chunk-27-1.pdf>
[19]
Overfull \hbox (258.75pt too wide) in paragraph at lines 1011--1011
[]\TU/lmtt/m/n/10 ## Source: "D:\Research (eksternal dept)\pelatihan spasial (a
dj)\modeul 2\Pelatihan-Spasial\Jawamap", layer: "jawa"[] 
 []

File: modul_files/figure-latex/unnamed-chunk-28-1.pdf Graphic file (type pdf)
<use modul_files/figure-latex/unnamed-chunk-28-1.pdf>

Underfull \vbox (badness 1226) has occurred while \output is active []


Overfull \hbox (7.16454pt too wide) has occurred while \output is active
\TU/lmr/m/n/10 20 \TU/lmr/m/sl/10 CHAPTER 1.  PENGANTAR ANALISIS SPASIAL DENGAN
 R SOFTWARE
 []

[20] [21]
File: modul_files/figure-latex/unnamed-chunk-31-1.pdf Graphic file (type pdf)
<use modul_files/figure-latex/unnamed-chunk-31-1.pdf>

Underfull \vbox (badness 1082) has occurred while \output is active []


Overfull \hbox (7.16454pt too wide) has occurred while \output is active
\TU/lmr/m/n/10 22 \TU/lmr/m/sl/10 CHAPTER 1.  PENGANTAR ANALISIS SPASIAL DENGAN
 R SOFTWARE
 []

[22]
File: D:/Research (eksternal dept)/pelatihan spasial (adj)/Modul Pelatihan Spas
ial/gambar 1.png Graphic file (type bmp)
<D:/Research (eksternal dept)/pelatihan spasial (adj)/Modul Pelatihan Spasial/g
ambar 1.png>
File: modul_files/figure-latex/unnamed-chunk-32-1.pdf Graphic file (type pdf)
<use modul_files/figure-latex/unnamed-chunk-32-1.pdf>
[23]
File: modul_files/figure-latex/unnamed-chunk-33-1.pdf Graphic file (type pdf)
<use modul_files/figure-latex/unnamed-chunk-33-1.pdf>

Overfull \hbox (7.16454pt too wide) has occurred while \output is active
\TU/lmr/m/n/10 24 \TU/lmr/m/sl/10 CHAPTER 1.  PENGANTAR ANALISIS SPASIAL DENGAN
 R SOFTWARE
 []

[24]
File: D:/Research (eksternal dept)/pelatihan spasial (adj)/Modul Pelatihan Spas
ial/knn.png Graphic file (type bmp)
<D:/Research (eksternal dept)/pelatihan spasial (adj)/Modul Pelatihan Spasial/k
nn.png>
File: modul_files/figure-latex/unnamed-chunk-34-1.pdf Graphic file (type pdf)
<use modul_files/figure-latex/unnamed-chunk-34-1.pdf>

Underfull \vbox (badness 4072) has occurred while \output is active []

[25]
File: D:/Research (eksternal dept)/pelatihan spasial (adj)/Modul Pelatihan Spas
ial/radial_distance.png Graphic file (type bmp)
<D:/Research (eksternal dept)/pelatihan spasial (adj)/Modul Pelatihan Spasial/r
adial_distance.png>

Underfull \vbox (badness 10000) has occurred while \output is active []


Overfull \hbox (7.16454pt too wide) has occurred while \output is active
\TU/lmr/m/n/10 26 \TU/lmr/m/sl/10 CHAPTER 1.  PENGANTAR ANALISIS SPASIAL DENGAN
 R SOFTWARE
 []

[26] [27]
File: modul_files/figure-latex/unnamed-chunk-35-1.pdf Graphic file (type pdf)
<use modul_files/figure-latex/unnamed-chunk-35-1.pdf>

Overfull \hbox (7.16454pt too wide) has occurred while \output is active
\TU/lmr/m/n/10 28 \TU/lmr/m/sl/10 CHAPTER 1.  PENGANTAR ANALISIS SPASIAL DENGAN
 R SOFTWARE
 []

[28]
Overfull \hbox (258.75pt too wide) in paragraph at lines 1279--1279
[]\TU/lmtt/m/n/10 ## Source: "D:\Research (eksternal dept)\pelatihan spasial (a
dj)\modeul 2\Pelatihan-Spasial\Jawamap", layer: "jawa"[] 
 []

File: modul_files/figure-latex/unnamed-chunk-38-1.pdf Graphic file (type pdf)
<use modul_files/figure-latex/unnamed-chunk-38-1.pdf>

Underfull \vbox (badness 3861) has occurred while \output is active []

[29]
Underfull \hbox (badness 2503) in paragraph at lines 1313--1314
[]\TU/lmr/m/n/10 Terlihat pada output tersebut, bahwa terdapat 1 wilayah yang t
idak
 []


Overfull \hbox (7.16454pt too wide) has occurred while \output is active
\TU/lmr/m/n/10 30 \TU/lmr/m/sl/10 CHAPTER 1.  PENGANTAR ANALISIS SPASIAL DENGAN
 R SOFTWARE
 []

[30]
Overfull \hbox (1.5pt too wide) in paragraph at lines 1346--1346
[]\TU/lmtt/m/n/10 ## Moran I statistic standard deviate = 7.7638, p-value = 4.1
2e-15[] 
 []

[31]
Overfull \hbox (80.25pt too wide) in paragraph at lines 1389--1389
[]\TU/lmtt/m/n/10 ## Warning in lag.listw(listw, z, zero.policy = zero.policy, 
NAOK = NAOK): NAs in[] 
 []

File: modul_files/figure-latex/unnamed-chunk-44-1.pdf Graphic file (type pdf)
<use modul_files/figure-latex/unnamed-chunk-44-1.pdf>

Overfull \hbox (7.16454pt too wide) has occurred while \output is active
\TU/lmr/m/n/10 32 \TU/lmr/m/sl/10 CHAPTER 1.  PENGANTAR ANALISIS SPASIAL DENGAN
 R SOFTWARE
 []

[32]
File: modul_files/figure-latex/unnamed-chunk-45-1.pdf Graphic file (type pdf)
<use modul_files/figure-latex/unnamed-chunk-45-1.pdf>
[33]
Overfull \hbox (7.16454pt too wide) has occurred while \output is active
\TU/lmr/m/n/10 34 \TU/lmr/m/sl/10 CHAPTER 1.  PENGANTAR ANALISIS SPASIAL DENGAN
 R SOFTWARE
 []

[34

]
Chapter 2.
File: D:/Research (eksternal dept)/pelatihan spasial (adj)/Modul Pelatihan Spas
ial/gambar 2.PNG Graphic file (type bmp)
<D:/Research (eksternal dept)/pelatihan spasial (adj)/Modul Pelatihan Spasial/g
ambar 2.PNG>
[35]
Overfull \hbox (43.5pt too wide) in paragraph at lines 1502--1502
[]\TU/lmtt/m/n/10 ##      Provinsi       Kabupaten.kota Longitude Latitude Kemi
skinan   PDRB[] 
 []


Overfull \hbox (43.5pt too wide) in paragraph at lines 1502--1502
[]\TU/lmtt/m/n/10 ## 1 DKI Jakarta     Kepulauan Seribu  106.5072  -5.7985     
 11.98 338.80[] 
 []


Overfull \hbox (43.5pt too wide) in paragraph at lines 1502--1502
[]\TU/lmtt/m/n/10 ## 2             Kota Jakarta Selatan  106.8079  -6.2627     
  2.83 261.58[] 
 []


Overfull \hbox (43.5pt too wide) in paragraph at lines 1502--1502
[]\TU/lmtt/m/n/10 ## 3               Kota Jakarta Timur  106.8995  -6.2249     
  3.14 155.53[] 
 []


Overfull \hbox (43.5pt too wide) in paragraph at lines 1502--1502
[]\TU/lmtt/m/n/10 ## 4               Kota Jakarta Pusat  106.8279  -6.1801     
  3.59 692.24[] 
 []


Overfull \hbox (43.5pt too wide) in paragraph at lines 1502--1502
[]\TU/lmtt/m/n/10 ## 5               Kota Jakarta Barat  106.7633  -6.1675     
  3.39 168.68[] 
 []


Overfull \hbox (43.5pt too wide) in paragraph at lines 1502--1502
[]\TU/lmtt/m/n/10 ## 6               Kota Jakarta Utara  106.8926  -6.1555     
  5.35 271.85[] 
 []


Overfull \hbox (75.0pt too wide) in paragraph at lines 1502--1502
[]\TU/lmtt/m/n/10 ##   Pendidikan    AMH Pengeluaran.Perkapita Ruta.Penerima.Ra
skin Penduduk.15.64[] 
 []


Overfull \hbox (75.0pt too wide) in paragraph at lines 1502--1502
[]\TU/lmtt/m/n/10 ## 1       5.29 100.00                 68.80                5
5.34        86.2882[] 
 []


Overfull \hbox (75.0pt too wide) in paragraph at lines 1502--1502
[]\TU/lmtt/m/n/10 ## 2       7.96 100.00                 46.63                 
0.00        86.8031[] 
 []


Overfull \hbox (75.0pt too wide) in paragraph at lines 1502--1502
[]\TU/lmtt/m/n/10 ## 3       2.91 100.00                 50.39                 
0.00        86.9343[] 
 []


Overfull \hbox (75.0pt too wide) in paragraph at lines 1502--1502
[]\TU/lmtt/m/n/10 ## 4       3.62 100.00                 50.87                 
0.00        86.2032[] 
 []


Overfull \hbox (75.0pt too wide) in paragraph at lines 1502--1502
[]\TU/lmtt/m/n/10 ## 5      25.02 100.00                 53.29                 
0.00        87.4070[] 
 []


Overfull \hbox (75.0pt too wide) in paragraph at lines 1502--1502
[]\TU/lmtt/m/n/10 ## 6      18.59  98.98                 51.12                 
0.00        87.3943[] 
 []

[36]
File: modul_files/figure-latex/unnamed-chunk-49-1.pdf Graphic file (type pdf)
<use modul_files/figure-latex/unnamed-chunk-49-1.pdf>
File: modul_files/figure-latex/unnamed-chunk-50-1.pdf Graphic file (type pdf)
<use modul_files/figure-latex/unnamed-chunk-50-1.pdf>

Underfull \vbox (badness 10000) has occurred while \output is active []

[37]
Overfull \hbox (59.25pt too wide) in paragraph at lines 1561--1561
[]\TU/lmtt/m/n/10 ##     Provinsi Kabupaten.kota Longitude Latitude Kemiskinan 
 PDRB Pendidikan[] 
 []


Overfull \hbox (59.25pt too wide) in paragraph at lines 1561--1561
[]\TU/lmtt/m/n/10 ## 100                 Sampang  113.2394  -7.0402      21.21 
19.85      50.59[] 
 []


Overfull \hbox (59.25pt too wide) in paragraph at lines 1561--1561
[]\TU/lmtt/m/n/10 ## 102                 Sumenep  113.9061  -6.9254      20.16 
30.17      49.17[] 
 []


Overfull \hbox (54.0pt too wide) in paragraph at lines 1561--1561
[]\TU/lmtt/m/n/10 ##       AMH Pengeluaran.Perkapita Ruta.Penerima.Raskin Pendu
duk.15.64   HLS[] 
 []


Overfull \hbox (54.0pt too wide) in paragraph at lines 1561--1561
[]\TU/lmtt/m/n/10 ## 100 88.94                 69.82                67.89      
  66.5778 11.76[] 
 []


Overfull \hbox (54.0pt too wide) in paragraph at lines 1561--1561
[]\TU/lmtt/m/n/10 ## 102 85.90                 64.05                78.71      
  71.6376 13.07[] 
 []

File: modul_files/figure-latex/unnamed-chunk-51-1.pdf Graphic file (type pdf)
<use modul_files/figure-latex/unnamed-chunk-51-1.pdf>
[38]
File: modul_files/figure-latex/unnamed-chunk-52-1.pdf Graphic file (type pdf)
<use modul_files/figure-latex/unnamed-chunk-52-1.pdf>

Underfull \vbox (badness 10000) has occurred while \output is active []

[39] [40]
Overfull \hbox (1.5pt too wide) in paragraph at lines 1630--1630
[]\TU/lmtt/m/n/10 ## Moran I statistic standard deviate = 7.7638, p-value = 4.1
2e-15[] 
 []

File: modul_files/figure-latex/unnamed-chunk-54-1.pdf Graphic file (type pdf)
<use modul_files/figure-latex/unnamed-chunk-54-1.pdf>
[41]
File: modul_files/figure-latex/unnamed-chunk-56-1.pdf Graphic file (type pdf)
<use modul_files/figure-latex/unnamed-chunk-56-1.pdf>
[42]
File: modul_files/figure-latex/unnamed-chunk-57-1.pdf Graphic file (type pdf)
<use modul_files/figure-latex/unnamed-chunk-57-1.pdf>

Underfull \vbox (badness 10000) has occurred while \output is active []

[43] [44]
Overfull \hbox (6.75pt too wide) in paragraph at lines 1789--1789
[]\TU/lmtt/m/n/10 ## Moran I statistic standard deviate = 5.3932, p-value = 6.9
22e-08[] 
 []


Overfull \hbox (6.75pt too wide) in paragraph at lines 1812--1812
[]\TU/lmtt/m/n/10 ## Moran I statistic standard deviate = 5.3242, p-value = 1.0
14e-07[] 
 []

[45] [46]
Overfull \hbox (22.5pt too wide) in paragraph at lines 1898--1898
[]\TU/lmtt/m/n/10 ## Call:errorsarlm(formula = Kemiskinan ~ Pendidikan, data = 
datajawa,[] 
 []

[47]
Overfull \hbox (1.5pt too wide) in paragraph at lines 1962--1962
[]\TU/lmtt/m/n/10 ## Moran I statistic standard deviate = -0.53535, p-value = 0
.5924[] 
 []


Overfull \hbox (12.0pt too wide) in paragraph at lines 2005--2005
[]\TU/lmtt/m/n/10 ## Call:lagsarlm(formula = Kemiskinan ~ Pendidikan, data = da
tajawa,[] 
 []

[48] [49]
Overfull \hbox (12.0pt too wide) in paragraph at lines 2111--2111
[]\TU/lmtt/m/n/10 ## Call:sacsarlm(formula = Kemiskinan ~ Pendidikan, data = da
tajawa,[] 
 []

[50] [51]
Overfull \hbox (1.5pt too wide) in paragraph at lines 2174--2174
[]\TU/lmtt/m/n/10 ## Moran I statistic standard deviate = -0.17988, p-value = 0
.8572[] 
 []


Underfull \vbox (badness 10000) detected at line 2196
 []


Underfull \vbox (badness 2326) has occurred while \output is active []

[52]
Underfull \hbox (badness 1360) in paragraph at lines 2238--2239
\TU/lmr/m/n/10 Guliyev, H. (2020). Determining the spatial effects of COVID-19 
us-
 []


Underfull \hbox (badness 2245) in paragraph at lines 2238--2239
\TU/lmr/m/n/10 ing the spatial panel data model. Spatial Statistics, 100443. []
$[][][] []
 []


Underfull \hbox (badness 10000) in paragraph at lines 2240--2241
[]$[][][][][] [] [] [] [][][] [] [][][][] [] [][][][] [] [][][] [] [][][][] [] 
[][][][][][][][] [] [][][][][][][] [] [][] [] [] [] [][][][] [] [][][][][][][][
] [][]
 []

[53] [54]
Chapter 3.
[55

]
Overfull \hbox (258.75pt too wide) in paragraph at lines 2292--2292
[]\TU/lmtt/m/n/10 ## Source: "D:\Research (eksternal dept)\pelatihan spasial (a
dj)\modeul 2\Pelatihan-Spasial\Jawamap", layer: "jawa"[] 
 []

File: modul_files/figure-latex/unnamed-chunk-71-1.pdf Graphic file (type pdf)
<use modul_files/figure-latex/unnamed-chunk-71-1.pdf>
[56]
Overfull \hbox (17.25pt too wide) in paragraph at lines 2340--2340
[]\TU/lmtt/m/n/10 ## lm(formula = Kemiskinan ~ Rata.Rata.Lama.Sekolah, data = d
atajawa)[] 
 []


Overfull \hbox (1.5pt too wide) in paragraph at lines 2340--2340
[]\TU/lmtt/m/n/10 ## (Intercept)             24.7340     1.3417   18.44   <2e-1
6 ***[] 
 []


Overfull \hbox (1.5pt too wide) in paragraph at lines 2340--2340
[]\TU/lmtt/m/n/10 ## Rata.Rata.Lama.Sekolah  -1.8657     0.1624  -11.49   <2e-1
6 ***[] 
 []

File: modul_files/figure-latex/unnamed-chunk-73-1.pdf Graphic file (type pdf)
<use modul_files/figure-latex/unnamed-chunk-73-1.pdf>
[57]
File: modul_files/figure-latex/unnamed-chunk-73-2.pdf Graphic file (type pdf)
<use modul_files/figure-latex/unnamed-chunk-73-2.pdf>

Underfull \vbox (badness 10000) has occurred while \output is active []

[58]
Overfull \hbox (1.5pt too wide) in paragraph at lines 2416--2416
[]\TU/lmtt/m/n/10 ## model: lm(formula = Kemiskinan ~ Rata.Rata.Lama.Sekolah, d
ata =[] 
 []


Overfull \hbox (6.75pt too wide) in paragraph at lines 2416--2416
[]\TU/lmtt/m/n/10 ## Moran I statistic standard deviate = 5.9602, p-value = 2.5
19e-09[] 
 []

[59]
Overfull \hbox (1.5pt too wide) in paragraph at lines 2442--2442
[]\TU/lmtt/m/n/10 ## model: lm(formula = Kemiskinan ~ Rata.Rata.Lama.Sekolah, d
ata =[] 
 []

[60]
Overfull \hbox (22.5pt too wide) in paragraph at lines 2529--2529
[]\TU/lmtt/m/n/10 ## gwr(formula = Kemiskinan ~ Rata.Rata.Lama.Sekolah, data = 
datajawa,[] 
 []


Overfull \hbox (38.25pt too wide) in paragraph at lines 2529--2529
[]\TU/lmtt/m/n/10 ##                           Min. 1st Qu.  Median 3rd Qu.    
Max.  Global[] 
 []


Overfull \hbox (38.25pt too wide) in paragraph at lines 2529--2529
[]\TU/lmtt/m/n/10 ## X.Intercept.           24.6607 24.6971 24.7366 24.7620 24.
8026 24.7340[] 
 []


Overfull \hbox (38.25pt too wide) in paragraph at lines 2529--2529
[]\TU/lmtt/m/n/10 ## Rata.Rata.Lama.Sekolah -1.8708 -1.8673 -1.8651 -1.8617 -1.
8585 -1.8657[] 
 []


Overfull \hbox (22.5pt too wide) in paragraph at lines 2550--2550
[]\TU/lmtt/m/n/10 ## gwr(formula = Kemiskinan ~ Rata.Rata.Lama.Sekolah, data = 
datajawa,[] 
 []

[61]
Overfull \hbox (38.25pt too wide) in paragraph at lines 2550--2550
[]\TU/lmtt/m/n/10 ##                           Min. 1st Qu.  Median 3rd Qu.    
Max.  Global[] 
 []


Overfull \hbox (38.25pt too wide) in paragraph at lines 2550--2550
[]\TU/lmtt/m/n/10 ## X.Intercept.           21.8567 23.3823 24.6838 25.4191 26.
4774 24.7340[] 
 []


Overfull \hbox (38.25pt too wide) in paragraph at lines 2550--2550
[]\TU/lmtt/m/n/10 ## Rata.Rata.Lama.Sekolah -2.0218 -1.8937 -1.8219 -1.7275 -1.
6145 -1.8657[] 
 []


Overfull \hbox (22.5pt too wide) in paragraph at lines 2569--2569
[]\TU/lmtt/m/n/10 ## gwr(formula = Kemiskinan ~ Rata.Rata.Lama.Sekolah, data = 
datajawa,[] 
 []


Overfull \hbox (38.25pt too wide) in paragraph at lines 2569--2569
[]\TU/lmtt/m/n/10 ##                           Min. 1st Qu.  Median 3rd Qu.    
Max.  Global[] 
 []


Overfull \hbox (38.25pt too wide) in paragraph at lines 2569--2569
[]\TU/lmtt/m/n/10 ## X.Intercept.           19.5961 22.5941 24.3392 25.7094 27.
7499 24.7340[] 
 []


Overfull \hbox (38.25pt too wide) in paragraph at lines 2569--2569
[]\TU/lmtt/m/n/10 ## Rata.Rata.Lama.Sekolah -2.1862 -1.9058 -1.7441 -1.6570 -1.
4305 -1.8657[] 
 []

File: modul_files/figure-latex/unnamed-chunk-80-1.pdf Graphic file (type pdf)
<use modul_files/figure-latex/unnamed-chunk-80-1.pdf>

Underfull \vbox (badness 10000) has occurred while \output is active []

[62] [63] [64]
Underfull \hbox (badness 1226) in paragraph at lines 2706--2707
\TU/lmr/m/n/10 AIC dan global quasi-$[][]$, dengan terlebih dulu menambahkan ar
gumen
 []


Overfull \hbox (22.5pt too wide) in paragraph at lines 2738--2738
[]\TU/lmtt/m/n/10 ## gwr(formula = Kemiskinan ~ Rata.Rata.Lama.Sekolah, data = 
datajawa,[] 
 []

[65]
Overfull \hbox (64.5pt too wide) in paragraph at lines 2738--2738
[]\TU/lmtt/m/n/10 ##                            Min.  1st Qu.   Median  3rd Qu.
     Max.  Global[] 
 []


Overfull \hbox (64.5pt too wide) in paragraph at lines 2738--2738
[]\TU/lmtt/m/n/10 ## X.Intercept.           12.68449 18.33784 23.15972 26.20076
 38.10046 24.7340[] 
 []


Overfull \hbox (64.5pt too wide) in paragraph at lines 2738--2738
[]\TU/lmtt/m/n/10 ## Rata.Rata.Lama.Sekolah -4.20789 -2.05946 -1.55904 -1.22414
 -0.46292 -1.8657[] 
 []


Overfull \hbox (43.5pt too wide) in paragraph at lines 2738--2738
[]\TU/lmtt/m/n/10 ## Effective number of parameters (residual: 2traceS - traceS
'S): 34.33575[] 
 []


Overfull \hbox (33.0pt too wide) in paragraph at lines 2738--2738
[]\TU/lmtt/m/n/10 ## Effective degrees of freedom (residual: 2traceS - traceS'S
): 84.66425[] 
 []

[66] [67]
Overfull \hbox (69.75pt too wide) in paragraph at lines 2868--2868
[]\TU/lmtt/m/n/10 ##                        F statistic Numerator d.f. Denomina
tor d.f.     Pr(>)[] 
 []


Overfull \hbox (69.75pt too wide) in paragraph at lines 2868--2868
[]\TU/lmtt/m/n/10 ## (Intercept)                 2.6985        46.6539         
   96.67 1.988e-05[] 
 []


Overfull \hbox (69.75pt too wide) in paragraph at lines 2868--2868
[]\TU/lmtt/m/n/10 ## Rata.Rata.Lama.Sekolah      2.1191        25.3140         
   96.67  0.004783[] 
 []


Underfull \hbox (badness 10000) in paragraph at lines 2871--2871
[]\TU/lmr/bx/n/14.4 Menginterpretasikan Hasil Pemodelan
 []


Overfull \hbox (12.0pt too wide) in paragraph at lines 2907--2907
[]\TU/lmtt/m/n/10 ## Formal class 'SpatialPointsDataFrame' [package "sp"] with 
5 slots[] 
 []


Overfull \hbox (106.5pt too wide) in paragraph at lines 2907--2907
[]\TU/lmtt/m/n/10 ##   .. ..$ sum.w                        : num [1:119] 7.49 1
4.3 13.86 13.78 13.72 ...[] 
 []


Overfull \hbox (90.75pt too wide) in paragraph at lines 2907--2907
[]\TU/lmtt/m/n/10 ##   .. ..$ (Intercept)                  : num [1:119] 17.1 1
5.5 15.8 15.8 15.7 ...[] 
 []


Overfull \hbox (111.75pt too wide) in paragraph at lines 2907--2907
[]\TU/lmtt/m/n/10 ##   .. ..$ Rata.Rata.Lama.Sekolah       : num [1:119] -1.21 
-1.08 -1.11 -1.1 -1.09 ...[] 
 []


Overfull \hbox (90.75pt too wide) in paragraph at lines 2907--2907
[]\TU/lmtt/m/n/10 ##   .. ..$ (Intercept)_se               : num [1:119] 3.52 2
.76 2.79 2.83 2.85 ...[] 
 []


Overfull \hbox (106.5pt too wide) in paragraph at lines 2907--2907
[]\TU/lmtt/m/n/10 ##   .. ..$ Rata.Rata.Lama.Sekolah_se    : num [1:119] 0.35 0
.287 0.29 0.294 0.295 ...[] 
 []


Overfull \hbox (122.25pt too wide) in paragraph at lines 2907--2907
[]\TU/lmtt/m/n/10 ##   .. ..$ gwr.e                        : num [1:119] 5.168 
-0.198 0.191 0.206 -0.93 ...[] 
 []


Overfull \hbox (90.75pt too wide) in paragraph at lines 2907--2907
[]\TU/lmtt/m/n/10 ##   .. ..$ pred                         : num [1:119] 6.81 3
.03 2.95 3.38 4.32 ...[] 
 []


Overfull \hbox (117.0pt too wide) in paragraph at lines 2907--2907
[]\TU/lmtt/m/n/10 ##   .. ..$ pred.se                      : num [1:119] 0.761 
0.775 0.794 0.708 0.554 ...[] 
 []


Overfull \hbox (117.0pt too wide) in paragraph at lines 2907--2907
[]\TU/lmtt/m/n/10 ##   .. ..$ localR2                      : num [1:119] 0.485 
0.633 0.642 0.616 0.602 ...[] 
 []

[68]
Overfull \hbox (75.0pt too wide) in paragraph at lines 2907--2907
[]\TU/lmtt/m/n/10 ##   .. ..$ (Intercept)_se_EDF           : num [1:119] 3.71 2
.91 2.94 2.98 3 ...[] 
 []


Overfull \hbox (117.0pt too wide) in paragraph at lines 2907--2907
[]\TU/lmtt/m/n/10 ##   .. ..$ Rata.Rata.Lama.Sekolah_se_EDF: num [1:119] 0.369 
0.303 0.306 0.309 0.311 ...[] 
 []


Overfull \hbox (117.0pt too wide) in paragraph at lines 2907--2907
[]\TU/lmtt/m/n/10 ##   .. ..$ pred.se                      : num [1:119] 0.801 
0.816 0.836 0.746 0.583 ...[] 
 []


Overfull \hbox (1.5pt too wide) in paragraph at lines 2907--2907
[]\TU/lmtt/m/n/10 ##   ..@ proj4string:Formal class 'CRS' [package "sp"] with 1
 slot[] 
 []

File: modul_files/figure-latex/unnamed-chunk-90-1.pdf Graphic file (type pdf)
<use modul_files/figure-latex/unnamed-chunk-90-1.pdf>

Underfull \vbox (badness 10000) has occurred while \output is active []

[69]
File: modul_files/figure-latex/unnamed-chunk-90-2.pdf Graphic file (type pdf)
<use modul_files/figure-latex/unnamed-chunk-90-2.pdf>
[70]
File: modul_files/figure-latex/unnamed-chunk-90-3.pdf Graphic file (type pdf)
<use modul_files/figure-latex/unnamed-chunk-90-3.pdf>

Underfull \hbox (badness 1496) in paragraph at lines 2946--2947
[]\TU/lmr/m/n/10 Dennett, A. (2014, November 17). An introduction to geographic
ally
 []


Underfull \hbox (badness 4608) in paragraph at lines 2946--2947
\TU/lmr/m/n/10 weighted regression in R. []$[][][][][] [] [] [] [][][][][][][] 
[][] [][][][] [][] [][][][][][] [] [][] [] [][][][][][][][][] [] [][][] []
 []

[71] [72

]
Chapter 4.
[73]
Overfull \hbox (69.75pt too wide) in paragraph at lines 3040--3040
[]\TU/lmtt/m/n/10 ##     Id    Provinsi                KabKot Tahun Kemiskinan 
  IPM   PDRB   TPT[] 
 []


Overfull \hbox (69.75pt too wide) in paragraph at lines 3040--3040
[]\TU/lmtt/m/n/10 ## 1 3101 DKI JAKARTA           Kep. Seribu  2008      13.56 
70.14   3.45 11.67[] 
 []


Overfull \hbox (69.75pt too wide) in paragraph at lines 3040--3040
[]\TU/lmtt/m/n/10 ## 2 3101 DKI JAKARTA           Kep. Seribu  2009      12.66 
70.50   3.48 11.57[] 
 []


Overfull \hbox (69.75pt too wide) in paragraph at lines 3040--3040
[]\TU/lmtt/m/n/10 ## 3 3101 DKI JAKARTA           Kep. Seribu  2010      13.01 
70.82   4.06  9.89[] 
 []


Overfull \hbox (69.75pt too wide) in paragraph at lines 3040--3040
[]\TU/lmtt/m/n/10 ## 4 3101 DKI JAKARTA           Kep. Seribu  2011      11.53 
71.16   5.34 11.38[] 
 []


Overfull \hbox (69.75pt too wide) in paragraph at lines 3040--3040
[]\TU/lmtt/m/n/10 ## 5 3101 DKI JAKARTA           Kep. Seribu  2012      11.62 
71.45   5.63 13.97[] 
 []


Overfull \hbox (69.75pt too wide) in paragraph at lines 3040--3040
[]\TU/lmtt/m/n/10 ## 6 3171 DKI JAKARTA  Kota Jakarta Selatan  2008       3.41 
79.00 152.15 11.96[] 
 []

[74]
File: modul_files/figure-latex/unnamed-chunk-92-1.pdf Graphic file (type pdf)
<use modul_files/figure-latex/unnamed-chunk-92-1.pdf>
File: modul_files/figure-latex/unnamed-chunk-93-1.pdf Graphic file (type pdf)
<use modul_files/figure-latex/unnamed-chunk-93-1.pdf>

Underfull \vbox (badness 4608) has occurred while \output is active []

[75]
File: modul_files/figure-latex/unnamed-chunk-94-1.pdf Graphic file (type pdf)
<use modul_files/figure-latex/unnamed-chunk-94-1.pdf>
File: modul_files/figure-latex/unnamed-chunk-94-2.pdf Graphic file (type pdf)
<use modul_files/figure-latex/unnamed-chunk-94-2.pdf>
File: modul_files/figure-latex/unnamed-chunk-94-3.pdf Graphic file (type pdf)
<use modul_files/figure-latex/unnamed-chunk-94-3.pdf>
File: modul_files/figure-latex/unnamed-chunk-94-4.pdf Graphic file (type pdf)
<use modul_files/figure-latex/unnamed-chunk-94-4.pdf>
File: modul_files/figure-latex/unnamed-chunk-94-5.pdf Graphic file (type pdf)
<use modul_files/figure-latex/unnamed-chunk-94-5.pdf>
File: modul_files/figure-latex/unnamed-chunk-94-6.pdf Graphic file (type pdf)
<use modul_files/figure-latex/unnamed-chunk-94-6.pdf>

Underfull \hbox (badness 10000) in paragraph at lines 3088--3089
[][]
 []


Underfull \hbox (badness 10000) in paragraph at lines 3088--3089
[]
 []


Underfull \hbox (badness 10000) in paragraph at lines 3088--3089
[]
 []


Underfull \hbox (badness 10000) in paragraph at lines 3088--3089
[]
 []


Underfull \hbox (badness 10000) in paragraph at lines 3088--3089
[]
 []


Underfull \vbox (badness 10000) has occurred while \output is active []

[76]
Underfull \vbox (badness 10000) has occurred while \output is active []

[77]
Underfull \vbox (badness 10000) has occurred while \output is active []

[78]
File: modul_files/figure-latex/unnamed-chunk-95-1.pdf Graphic file (type pdf)
<use modul_files/figure-latex/unnamed-chunk-95-1.pdf>

Underfull \vbox (badness 10000) has occurred while \output is active []

[79]
File: modul_files/figure-latex/unnamed-chunk-96-1.pdf Graphic file (type pdf)
<use modul_files/figure-latex/unnamed-chunk-96-1.pdf>

Underfull \vbox (badness 10000) has occurred while \output is active []

[80]
File: modul_files/figure-latex/unnamed-chunk-98-1.pdf Graphic file (type pdf)
<use modul_files/figure-latex/unnamed-chunk-98-1.pdf>

Underfull \vbox (badness 10000) has occurred while \output is active []


Overfull \hbox (22.47343pt too wide) has occurred while \output is active
\TU/lmr/m/sl/10 4.3.  IDENTIFIKASI KERAGAMAN ANTAR INDIVIDU DAN ANTAR WAKTU \TU
/lmr/m/n/10 81
 []

[81]
File: modul_files/figure-latex/unnamed-chunk-99-1.pdf Graphic file (type pdf)
<use modul_files/figure-latex/unnamed-chunk-99-1.pdf>

Underfull \vbox (badness 10000) has occurred while \output is active []

[82]
Overfull \hbox (54.0pt too wide) in paragraph at lines 3174--3174
[]\TU/lmtt/m/n/10 ##                  KabKot Tahun  Kemiskinan        IPM      
 PDRB       TPT[] 
 []


Overfull \hbox (54.0pt too wide) in paragraph at lines 3174--3174
[]\TU/lmtt/m/n/10 ## 1           Kep. Seribu  2008 -0.01086532 -0.5558484 -0.51
82081 1.0499174[] 
 []


Overfull \hbox (54.0pt too wide) in paragraph at lines 3174--3174
[]\TU/lmtt/m/n/10 ## 2           Kep. Seribu  2009 -0.15332169 -0.4615811 -0.51
74904 1.0239017[] 
 []


Overfull \hbox (54.0pt too wide) in paragraph at lines 3174--3174
[]\TU/lmtt/m/n/10 ## 3           Kep. Seribu  2010 -0.09792199 -0.3777880 -0.50
36157 0.5868385[] 
 []


Overfull \hbox (54.0pt too wide) in paragraph at lines 3174--3174
[]\TU/lmtt/m/n/10 ## 4           Kep. Seribu  2011 -0.33218358 -0.2887578 -0.47
29957 0.9744719[] 
 []


Overfull \hbox (54.0pt too wide) in paragraph at lines 3174--3174
[]\TU/lmtt/m/n/10 ## 5           Kep. Seribu  2012 -0.31793795 -0.2128203 -0.46
60583 1.6482777[] 
 []


Overfull \hbox (54.0pt too wide) in paragraph at lines 3174--3174
[]\TU/lmtt/m/n/10 ## 6  Kota Jakarta Selatan  2008 -1.61745665  1.7641735  3.03
89792 1.1253628[] 
 []


Overfull \hbox (75.0pt too wide) in paragraph at lines 3230--3230
[]\TU/lmtt/m/n/10 ## plm(formula = Kemiskinan ~ IPM + PDRB + TPT, data = data1,
 model = "pooling")[] 
 []

[83]
Overfull \hbox (33.0pt too wide) in paragraph at lines 3248--3248
[]\TU/lmtt/m/n/10 ##  Lagrange Multiplier Test - time effects (Breusch-Pagan) f
or balanced[] 
 []


Overfull \hbox (1.5pt too wide) in paragraph at lines 3263--3263
[]\TU/lmtt/m/n/10 ##  Lagrange Multiplier Test - (Breusch-Pagan) for balanced p
anels[] 
 []


Overfull \hbox (6.75pt too wide) in paragraph at lines 3282--3282
[]\TU/lmtt/m/n/10 ##  Lagrange Multiplier Test - two-ways effects (Breusch-Paga
n) for[] 
 []

[84]
Overfull \hbox (80.25pt too wide) in paragraph at lines 3338--3338
[]\TU/lmtt/m/n/10 ## plm(formula = Kemiskinan ~ IPM + PDRB + TPT, data = data1,
 effect = "twoways",[] 
 []

[85] [86]
Overfull \hbox (80.25pt too wide) in paragraph at lines 3406--3406
[]\TU/lmtt/m/n/10 ## plm(formula = Kemiskinan ~ IPM + PDRB + TPT, data = data1,
 effect = "twoways",[] 
 []

[87]
Overfull \hbox (80.25pt too wide) in paragraph at lines 3467--3467
[]\TU/lmtt/m/n/10 ## plm(formula = Kemiskinan ~ IPM + PDRB + TPT, data = data1,
 effect = "twoways",[] 
 []

[88]
Overfull \hbox (258.75pt too wide) in paragraph at lines 3495--3495
[]\TU/lmtt/m/n/10 ## Source: "D:\Research (eksternal dept)\pelatihan spasial (a
dj)\modeul 2\Pelatihan-Spasial\Jawamap", layer: "jawa"[] 
 []

File: modul_files/figure-latex/unnamed-chunk-110-1.pdf Graphic file (type pdf)
<use modul_files/figure-latex/unnamed-chunk-110-1.pdf>

Underfull \vbox (badness 10000) has occurred while \output is active []

[89]
Overfull \hbox (85.5pt too wide) in paragraph at lines 3562--3562
[]\TU/lmtt/m/n/10 ##   0   1   2   3   4   5   6   7   8   9  10  11  12  13  1
4  15  16  17  18  19[] 
 []


Overfull \hbox (85.5pt too wide) in paragraph at lines 3562--3562
[]\TU/lmtt/m/n/10 ##   1   1   1   1   1   1   1   1   1   1   1   1   1   1   
1   1   1   1   1   1[] 
 []


Overfull \hbox (85.5pt too wide) in paragraph at lines 3562--3562
[]\TU/lmtt/m/n/10 ##  20  21  22  24  25  26  27  28  29  30  31  32  33  34  3
5  36  37  38  39  40[] 
 []


Overfull \hbox (85.5pt too wide) in paragraph at lines 3562--3562
[]\TU/lmtt/m/n/10 ##   1   1   1   1   1   1   1   1   1   1   1   1   1   1   
1   1   1   1   1   1[] 
 []


Overfull \hbox (85.5pt too wide) in paragraph at lines 3562--3562
[]\TU/lmtt/m/n/10 ##  41  42  43  44  45  46  47  48  49  50  51  52  53  54  5
5  56  57  58  59  60[] 
 []


Overfull \hbox (85.5pt too wide) in paragraph at lines 3562--3562
[]\TU/lmtt/m/n/10 ##   1   1   1   1   1   1   1   1   1   1   1   1   1   1   
1   1   1   1   1   1[] 
 []


Overfull \hbox (85.5pt too wide) in paragraph at lines 3562--3562
[]\TU/lmtt/m/n/10 ##  61  62  63  64  65  66  67  68  69  70  71  72  73  74  7
5  76  77  78  79  80[] 
 []

[90]
Overfull \hbox (85.5pt too wide) in paragraph at lines 3562--3562
[]\TU/lmtt/m/n/10 ##   1   1   1   1   1   1   1   1   1   1   1   1   1   1   
1   1   1   1   1   1[] 
 []


Overfull \hbox (85.5pt too wide) in paragraph at lines 3562--3562
[]\TU/lmtt/m/n/10 ##  81  82  83  84  85  86  87  88  89  90  91  92  93  94  9
5  96  97  98  99 100[] 
 []


Overfull \hbox (85.5pt too wide) in paragraph at lines 3562--3562
[]\TU/lmtt/m/n/10 ##   1   1   1   1   1   1   1   1   1   1   1   1   1   1   
1   1   1   1   1   1[] 
 []


Overfull \hbox (43.5pt too wide) in paragraph at lines 3562--3562
[]\TU/lmtt/m/n/10 ## 101 102 103 104 105 106 107 108 109 110 111 112 113 114 11
5 116 117 118[] 
 []


Overfull \hbox (43.5pt too wide) in paragraph at lines 3562--3562
[]\TU/lmtt/m/n/10 ##   1   1   1   1   1   1   1   1   1   1   1   1   1   1   
1   1   1   1[] 
 []

[91] [92]

! LaTeX Error: File `D:/Research (eksternal dept)/pelatihan spasial (adj)/modul
 dept' not found.

See the LaTeX manual or LaTeX Companion for explanation.
Type  H <return>  for immediate help.
 ...                                              
                                                  
l.3716 ...ept)/pelatihan spasial (adj)/modul dept}
                                                  /pelatihan spasial (adj)/M...
 
Here is how much of TeX's memory you used:
 18087 strings out of 478968
 333821 string characters out of 5866412
 790256 words of memory out of 5000000
 37596 multiletter control sequences out of 15000+600000
 409913 words of font info for 84 fonts, out of 8000000 for 9000
 14 hyphenation exceptions out of 8191
 98i,6n,122p,497b,495s stack positions out of 5000i,500n,10000p,200000b,80000s
Output written on modul.pdf (92 pages).
